<?xml version="1.0" encoding="UTF-8"?>
<!-- Generated by org.testng.reporters.JUnitReportReporter -->
<testsuite hostname="LAPTOP-HSQD46T4" failures="0" tests="1" name="automationLabsTest.playwright.addUsersTest" time="11.412" errors="1" timestamp="2022-07-06T01:03:29 IST" skipped="0">
  <testcase classname="automationLabsTest.playwright.addUsersTest" name="homePageTest" time="11.412">
    <error message="Error {
  message=&#039;Error: strict mode violation: &quot;text= Properties&quot; resolved to 3 elements:
    1) &lt;a class=&quot;ajax&quot; searchable=&quot;YES&quot; href=&quot;#/Property&quot;&gt;Properties&lt;/a&gt; aka playwright.$(&quot;a:has-text(&quot;Properties&quot;)&quot;)
    2) &lt;option data-category=&quot;Groups&quot; value=&quot;eafc8f08-40e6-46f8…&gt;J Gibson Properties&lt;/option&gt; aka playwright.$(&quot;select[name=&quot;PropertyOrGroupID&quot;]&quot;)
    3) &lt;p class=&quot;center&quot;&gt;↵        Please select six or fewer properties in…&lt;/p&gt; aka playwright.$(&quot;text=Please select six or fewer properties in order to see the lease expiration chart&quot;)

=========================== logs ===========================
waiting for selector &quot;text = Properties&quot;
  strict mode violation: &quot;text= Properties&quot; resolved to 3 elements:
    1) &lt;a class=&quot;ajax&quot; searchable=&quot;YES&quot; href=&quot;#/Property&quot;&gt;Properties&lt;/a&gt; aka playwright.$(&quot;a:has-text(&quot;Properties&quot;)&quot;)
    2) &lt;option data-category=&quot;Groups&quot; value=&quot;eafc8f08-40e6-46f8…&gt;J Gibson Properties&lt;/option&gt; aka playwright.$(&quot;select[name=&quot;PropertyOrGroupID&quot;]&quot;)
    3) &lt;p class=&quot;center&quot;&gt;↵        Please select six or fewer properties in…&lt;/p&gt; aka playwright.$(&quot;text=Please select six or fewer properties in order to see the lease expiration chart&quot;)

============================================================
  name=&#039;Error
  stack=&#039;Error: Error: strict mode violation: &quot;text= Properties&quot; resolved to 3 elements:
    1) &lt;a class=&quot;ajax&quot; searchable=&quot;YES&quot; href=&quot;#/Property&quot;&gt;Properties&lt;/a&gt; aka playwright.$(&quot;a:has-text(&quot;Properties&quot;)&quot;)
    2) &lt;option data-category=&quot;Groups&quot; value=&quot;eafc8f08-40e6-46f8…&gt;J Gibson Properties&lt;/option&gt; aka playwright.$(&quot;select[name=&quot;PropertyOrGroupID&quot;]&quot;)
    3) &lt;p class=&quot;center&quot;&gt;↵        Please select six or fewer properties in…&lt;/p&gt; aka playwright.$(&quot;text=Please select six or fewer properties in order to see the lease expiration chart&quot;)

=========================== logs ===========================
waiting for selector &quot;text = Properties&quot;
  strict mode violation: &quot;text= Properties&quot; resolved to 3 elements:
    1) &lt;a class=&quot;ajax&quot; searchable=&quot;YES&quot; href=&quot;#/Property&quot;&gt;Properties&lt;/a&gt; aka playwright.$(&quot;a:has-text(&quot;Properties&quot;)&quot;)
    2) &lt;option data-category=&quot;Groups&quot; value=&quot;eafc8f08-40e6-46f8…&gt;J Gibson Properties&lt;/option&gt; aka playwright.$(&quot;select[name=&quot;PropertyOrGroupID&quot;]&quot;)
    3) &lt;p class=&quot;center&quot;&gt;↵        Please select six or fewer properties in…&lt;/p&gt; aka playwright.$(&quot;text=Please select six or fewer properties in order to see the lease expiration chart&quot;)

============================================================
    at CRExecutionContext.evaluateWithArguments (C:\Users\rbran\AppData\Local\Temp\playwright-java-14138244199379354019\package\lib\server\chromium\crExecutionContext.js:103:33)
    at async evaluateExpression (C:\Users\rbran\AppData\Local\Temp\playwright-java-14138244199379354019\package\lib\server\javascript.js:264:12)
    at async InjectedScriptPollHandler.finishHandle (C:\Users\rbran\AppData\Local\Temp\playwright-java-14138244199379354019\package\lib\server\dom.js:997:22)
    at async RerunnableTask.rerun (C:\Users\rbran\AppData\Local\Temp\playwright-java-14138244199379354019\package\lib\server\frames.js:1809:73)
}" type="com.microsoft.playwright.PlaywrightException">
      <![CDATA[com.microsoft.playwright.PlaywrightException: Error {
  message='Error: strict mode violation: "text= Properties" resolved to 3 elements:
    1) <a class="ajax" searchable="YES" href="#/Property">Properties</a> aka playwright.$("a:has-text("Properties")")
    2) <option data-category="Groups" value="eafc8f08-40e6-46f8…>J Gibson Properties</option> aka playwright.$("select[name="PropertyOrGroupID"]")
    3) <p class="center">↵        Please select six or fewer properties in…</p> aka playwright.$("text=Please select six or fewer properties in order to see the lease expiration chart")

=========================== logs ===========================
waiting for selector "text = Properties"
  strict mode violation: "text= Properties" resolved to 3 elements:
    1) <a class="ajax" searchable="YES" href="#/Property">Properties</a> aka playwright.$("a:has-text("Properties")")
    2) <option data-category="Groups" value="eafc8f08-40e6-46f8…>J Gibson Properties</option> aka playwright.$("select[name="PropertyOrGroupID"]")
    3) <p class="center">↵        Please select six or fewer properties in…</p> aka playwright.$("text=Please select six or fewer properties in order to see the lease expiration chart")

============================================================
  name='Error
  stack='Error: Error: strict mode violation: "text= Properties" resolved to 3 elements:
    1) <a class="ajax" searchable="YES" href="#/Property">Properties</a> aka playwright.$("a:has-text("Properties")")
    2) <option data-category="Groups" value="eafc8f08-40e6-46f8…>J Gibson Properties</option> aka playwright.$("select[name="PropertyOrGroupID"]")
    3) <p class="center">↵        Please select six or fewer properties in…</p> aka playwright.$("text=Please select six or fewer properties in order to see the lease expiration chart")

=========================== logs ===========================
waiting for selector "text = Properties"
  strict mode violation: "text= Properties" resolved to 3 elements:
    1) <a class="ajax" searchable="YES" href="#/Property">Properties</a> aka playwright.$("a:has-text("Properties")")
    2) <option data-category="Groups" value="eafc8f08-40e6-46f8…>J Gibson Properties</option> aka playwright.$("select[name="PropertyOrGroupID"]")
    3) <p class="center">↵        Please select six or fewer properties in…</p> aka playwright.$("text=Please select six or fewer properties in order to see the lease expiration chart")

============================================================
    at CRExecutionContext.evaluateWithArguments (C:\Users\rbran\AppData\Local\Temp\playwright-java-14138244199379354019\package\lib\server\chromium\crExecutionContext.js:103:33)
    at async evaluateExpression (C:\Users\rbran\AppData\Local\Temp\playwright-java-14138244199379354019\package\lib\server\javascript.js:264:12)
    at async InjectedScriptPollHandler.finishHandle (C:\Users\rbran\AppData\Local\Temp\playwright-java-14138244199379354019\package\lib\server\dom.js:997:22)
    at async RerunnableTask.rerun (C:\Users\rbran\AppData\Local\Temp\playwright-java-14138244199379354019\package\lib\server\frames.js:1809:73)
}
at com.microsoft.playwright.impl.WaitableResult.get(WaitableResult.java:54)
at com.microsoft.playwright.impl.ChannelOwner.runUntil(ChannelOwner.java:103)
at com.microsoft.playwright.impl.Connection.sendMessage(Connection.java:106)
at com.microsoft.playwright.impl.ChannelOwner.sendMessage(ChannelOwner.java:94)
at com.microsoft.playwright.impl.FrameImpl.clickImpl(FrameImpl.java:255)
at com.microsoft.playwright.impl.FrameImpl.lambda$click$9(FrameImpl.java:246)
at com.microsoft.playwright.impl.LoggingSupport.lambda$withLogging$0(LoggingSupport.java:36)
at com.microsoft.playwright.impl.LoggingSupport.withLogging(LoggingSupport.java:47)
at com.microsoft.playwright.impl.ChannelOwner.withLogging(ChannelOwner.java:79)
at com.microsoft.playwright.impl.LoggingSupport.withLogging(LoggingSupport.java:35)
at com.microsoft.playwright.impl.FrameImpl.click(FrameImpl.java:246)
at com.microsoft.playwright.impl.LocatorImpl.click(LocatorImpl.java:132)
at com.microsoft.playwright.Locator.click(Locator.java:1731)
at automationLabsTest.playwright.addUsersTest.homePageTest(addUsersTest.java:41)
at java.base/jdk.internal.reflect.NativeMethodAccessorImpl.invoke0(Native Method)
at java.base/jdk.internal.reflect.NativeMethodAccessorImpl.invoke(NativeMethodAccessorImpl.java:77)
at java.base/jdk.internal.reflect.DelegatingMethodAccessorImpl.invoke(DelegatingMethodAccessorImpl.java:43)
at java.base/java.lang.reflect.Method.invoke(Method.java:568)
at org.testng.internal.invokers.MethodInvocationHelper.invokeMethod(MethodInvocationHelper.java:139)
at org.testng.internal.invokers.TestInvoker.invokeMethod(TestInvoker.java:677)
at org.testng.internal.invokers.TestInvoker.invokeTestMethod(TestInvoker.java:221)
at org.testng.internal.invokers.MethodRunner.runInSequence(MethodRunner.java:50)
at org.testng.internal.invokers.TestInvoker$MethodInvocationAgent.invoke(TestInvoker.java:962)
at org.testng.internal.invokers.TestInvoker.invokeTestMethods(TestInvoker.java:194)
at org.testng.internal.invokers.TestMethodWorker.invokeTestMethods(TestMethodWorker.java:148)
at org.testng.internal.invokers.TestMethodWorker.run(TestMethodWorker.java:128)
at java.base/java.util.ArrayList.forEach(ArrayList.java:1511)
at org.testng.TestRunner.privateRun(TestRunner.java:806)
at org.testng.TestRunner.run(TestRunner.java:601)
at org.testng.SuiteRunner.runTest(SuiteRunner.java:433)
at org.testng.SuiteRunner.runSequentially(SuiteRunner.java:427)
at org.testng.SuiteRunner.privateRun(SuiteRunner.java:387)
at org.testng.SuiteRunner.run(SuiteRunner.java:330)
at org.testng.SuiteRunnerWorker.runSuite(SuiteRunnerWorker.java:52)
at org.testng.SuiteRunnerWorker.run(SuiteRunnerWorker.java:95)
at org.testng.TestNG.runSuitesSequentially(TestNG.java:1256)
at org.testng.TestNG.runSuitesLocally(TestNG.java:1176)
at org.testng.TestNG.runSuites(TestNG.java:1099)
at org.testng.TestNG.run(TestNG.java:1067)
at org.testng.remote.AbstractRemoteTestNG.run(AbstractRemoteTestNG.java:115)
at org.testng.remote.RemoteTestNG.initAndRun(RemoteTestNG.java:251)
at org.testng.remote.RemoteTestNG.main(RemoteTestNG.java:77)
Caused by: com.microsoft.playwright.impl.DriverException: Error {
  message='Error: strict mode violation: "text= Properties" resolved to 3 elements:
    1) <a class="ajax" searchable="YES" href="#/Property">Properties</a> aka playwright.$("a:has-text("Properties")")
    2) <option data-category="Groups" value="eafc8f08-40e6-46f8…>J Gibson Properties</option> aka playwright.$("select[name="PropertyOrGroupID"]")
    3) <p class="center">↵        Please select six or fewer properties in…</p> aka playwright.$("text=Please select six or fewer properties in order to see the lease expiration chart")

=========================== logs ===========================
waiting for selector "text = Properties"
  strict mode violation: "text= Properties" resolved to 3 elements:
    1) <a class="ajax" searchable="YES" href="#/Property">Properties</a> aka playwright.$("a:has-text("Properties")")
    2) <option data-category="Groups" value="eafc8f08-40e6-46f8…>J Gibson Properties</option> aka playwright.$("select[name="PropertyOrGroupID"]")
    3) <p class="center">↵        Please select six or fewer properties in…</p> aka playwright.$("text=Please select six or fewer properties in order to see the lease expiration chart")

============================================================
  name='Error
  stack='Error: Error: strict mode violation: "text= Properties" resolved to 3 elements:
    1) <a class="ajax" searchable="YES" href="#/Property">Properties</a> aka playwright.$("a:has-text("Properties")")
    2) <option data-category="Groups" value="eafc8f08-40e6-46f8…>J Gibson Properties</option> aka playwright.$("select[name="PropertyOrGroupID"]")
    3) <p class="center">↵        Please select six or fewer properties in…</p> aka playwright.$("text=Please select six or fewer properties in order to see the lease expiration chart")

=========================== logs ===========================
waiting for selector "text = Properties"
  strict mode violation: "text= Properties" resolved to 3 elements:
    1) <a class="ajax" searchable="YES" href="#/Property">Properties</a> aka playwright.$("a:has-text("Properties")")
    2) <option data-category="Groups" value="eafc8f08-40e6-46f8…>J Gibson Properties</option> aka playwright.$("select[name="PropertyOrGroupID"]")
    3) <p class="center">↵        Please select six or fewer properties in…</p> aka playwright.$("text=Please select six or fewer properties in order to see the lease expiration chart")

============================================================
    at CRExecutionContext.evaluateWithArguments (C:\Users\rbran\AppData\Local\Temp\playwright-java-14138244199379354019\package\lib\server\chromium\crExecutionContext.js:103:33)
    at async evaluateExpression (C:\Users\rbran\AppData\Local\Temp\playwright-java-14138244199379354019\package\lib\server\javascript.js:264:12)
    at async InjectedScriptPollHandler.finishHandle (C:\Users\rbran\AppData\Local\Temp\playwright-java-14138244199379354019\package\lib\server\dom.js:997:22)
    at async RerunnableTask.rerun (C:\Users\rbran\AppData\Local\Temp\playwright-java-14138244199379354019\package\lib\server\frames.js:1809:73)
}
at com.microsoft.playwright.impl.Connection.dispatch(Connection.java:188)
at com.microsoft.playwright.impl.Connection.processOneMessage(Connection.java:168)
at com.microsoft.playwright.impl.ChannelOwner.runUntil(ChannelOwner.java:101)
... 40 more
]]>
    </error>
  </testcase> <!-- homePageTest -->
  <system-out/>
</testsuite> <!-- automationLabsTest.playwright.addUsersTest -->
