<?xml version="1.0" encoding="UTF-8"?>
<!-- Generated by org.testng.reporters.JUnitReportReporter -->
<testsuite hostname="LAPTOP-HSQD46T4" failures="0" tests="1" name="playwrightTest.PlayWright.recordVideosTest" time="71.484" errors="0" timestamp="2022-06-11T02:00:30 IST" skipped="0">
  <testcase classname="playwrightTest.PlayWright.recordVideosTest" name="recordVideoTest" time="71.484"/>
  <system-out/>
</testsuite> <!-- playwrightTest.PlayWright.recordVideosTest -->
