<?xml version="1.0" encoding="UTF-8"?>
<!-- Generated by org.testng.reporters.JUnitReportReporter -->
<testsuite hostname="LAPTOP-HSQD46T4" failures="0" tests="1" name="playwrightTest.PlayWright.alertPopUp" time="26.353" errors="0" timestamp="2023-02-25T20:02:07 IST" skipped="0">
  <testcase classname="playwrightTest.PlayWright.alertPopUp" name="alertPopupTest" time="26.353"/>
  <system-out/>
</testsuite> <!-- playwrightTest.PlayWright.alertPopUp -->
