<?xml version="1.0" encoding="UTF-8"?>
<!-- Generated by org.testng.reporters.JUnitReportReporter -->
<testsuite hostname="LAPTOP-HSQD46T4" failures="0" tests="1" name="playwrightTest.PlayWright.iFrameHandles" time="22.176" errors="0" timestamp="2023-02-05T18:05:03 IST" skipped="0">
  <testcase classname="playwrightTest.PlayWright.iFrameHandles" name="iframeHandles" time="22.176"/>
  <system-out/>
</testsuite> <!-- playwrightTest.PlayWright.iFrameHandles -->
