<?xml version="1.0" encoding="UTF-8"?>
<!-- Generated by org.testng.reporters.JUnitReportReporter -->
<testsuite hostname="LAPTOP-HSQD46T4" failures="0" tests="1" name="playwrightTest.PlayWright.reactSelectors" time="22.911" errors="0" timestamp="2023-02-05T21:20:59 IST" skipped="0">
  <testcase classname="playwrightTest.PlayWright.reactSelectors" name="reactSelectorsTest" time="22.911"/>
  <system-out/>
</testsuite> <!-- playwrightTest.PlayWright.reactSelectors -->
