<?xml version="1.0" encoding="UTF-8"?>
<!-- Generated by org.testng.reporters.JUnitReportReporter -->
<testsuite hostname="LAPTOP-HSQD46T4" failures="0" tests="1" name="playwrightTest.PlayWright.googleTest" time="65.270" errors="0" timestamp="2022-05-24T11:56:30 IST" skipped="0">
  <testcase classname="playwrightTest.PlayWright.googleTest" name="resManAddRemoveUser" time="65.270"/>
  <system-out/>
</testsuite> <!-- playwrightTest.PlayWright.googleTest -->
