<?xml version="1.0" encoding="UTF-8"?>
<!-- Generated by org.testng.reporters.JUnitReportReporter -->
<testsuite hostname="LAPTOP-HSQD46T4" failures="0" tests="1" name="playwrightTest.PlayWright.screenShots" time="31.545" errors="0" timestamp="2022-06-11T01:38:31 IST" skipped="0">
  <testcase classname="playwrightTest.PlayWright.screenShots" name="handleScreenShots" time="31.545"/>
  <system-out/>
</testsuite> <!-- playwrightTest.PlayWright.screenShots -->
