<?xml version="1.0" encoding="UTF-8"?>
<!-- Generated by org.testng.reporters.JUnitReportReporter -->
<testsuite hostname="LAPTOP-HSQD46T4" failures="0" tests="1" name="playwrightTest.PlayWright.downloadFiles" time="15.926" errors="0" timestamp="2022-06-06T10:09:46 IST" skipped="0">
  <testcase classname="playwrightTest.PlayWright.downloadFiles" name="alertPopupTest" time="15.926"/>
  <system-out/>
</testsuite> <!-- playwrightTest.PlayWright.downloadFiles -->
