<?xml version="1.0" encoding="UTF-8"?>
<!-- Generated by org.testng.reporters.JUnitReportReporter -->
<testsuite hostname="LAP-0051" failures="0" tests="1" name="randomConceptTest.Playwright.monkeyTestPlaywright" time="193.094" errors="0" timestamp="2022-09-12T23:13:30 IST" skipped="0">
  <testcase classname="randomConceptTest.Playwright.monkeyTestPlaywright" name="monkeyTestingPlaywright" time="193.094"/>
  <system-out/>
</testsuite> <!-- randomConceptTest.Playwright.monkeyTestPlaywright -->
