<?xml version="1.0" encoding="UTF-8"?>
<!-- Generated by org.testng.reporters.JUnitReportReporter -->
<testsuite hostname="LAP-0051" failures="0" tests="1" name="playwrightTest.PlayWright.JSONAuthLogin" time="46.931" errors="1" timestamp="2022-09-18T20:57:43 IST" skipped="0">
  <testcase classname="playwrightTest.PlayWright.JSONAuthLogin" name="useStoredJson" time="46.931">
    <error message="Error {
  message=&#039;Timeout 30000ms exceeded.
=========================== logs ===========================
waiting for selector &quot;#CloseAdvisor&quot;
============================================================
  name=&#039;TimeoutError
  stack=&#039;TimeoutError: Timeout 30000ms exceeded.
=========================== logs ===========================
waiting for selector &quot;#CloseAdvisor&quot;
============================================================
    at ProgressController.run (C:\Users\KUMAR~1.RAB\AppData\Local\Temp\playwright-java-7865259666694261509\package\lib\server\progress.js:96:26)
    at Frame._scheduleRerunnableTask (C:\Users\KUMAR~1.RAB\AppData\Local\Temp\playwright-java-7865259666694261509\package\lib\server\frames.js:1572:23)
    at Frame._elementState (C:\Users\KUMAR~1.RAB\AppData\Local\Temp\playwright-java-7865259666694261509\package\lib\server\frames.js:1309:31)
    at Frame.isEnabled (C:\Users\KUMAR~1.RAB\AppData\Local\Temp\playwright-java-7865259666694261509\package\lib\server\frames.js:1349:17)
    at FrameDispatcher.isEnabled (C:\Users\KUMAR~1.RAB\AppData\Local\Temp\playwright-java-7865259666694261509\package\lib\server\dispatchers\frameDispatcher.js:249:32)
    at DispatcherConnection.dispatch (C:\Users\KUMAR~1.RAB\AppData\Local\Temp\playwright-java-7865259666694261509\package\lib\server\dispatchers\dispatcher.js:397:46)
}" type="com.microsoft.playwright.TimeoutError">
      <![CDATA[com.microsoft.playwright.TimeoutError: Error {
  message='Timeout 30000ms exceeded.
=========================== logs ===========================
waiting for selector "#CloseAdvisor"
============================================================
  name='TimeoutError
  stack='TimeoutError: Timeout 30000ms exceeded.
=========================== logs ===========================
waiting for selector "#CloseAdvisor"
============================================================
    at ProgressController.run (C:\Users\KUMAR~1.RAB\AppData\Local\Temp\playwright-java-7865259666694261509\package\lib\server\progress.js:96:26)
    at Frame._scheduleRerunnableTask (C:\Users\KUMAR~1.RAB\AppData\Local\Temp\playwright-java-7865259666694261509\package\lib\server\frames.js:1572:23)
    at Frame._elementState (C:\Users\KUMAR~1.RAB\AppData\Local\Temp\playwright-java-7865259666694261509\package\lib\server\frames.js:1309:31)
    at Frame.isEnabled (C:\Users\KUMAR~1.RAB\AppData\Local\Temp\playwright-java-7865259666694261509\package\lib\server\frames.js:1349:17)
    at FrameDispatcher.isEnabled (C:\Users\KUMAR~1.RAB\AppData\Local\Temp\playwright-java-7865259666694261509\package\lib\server\dispatchers\frameDispatcher.js:249:32)
    at DispatcherConnection.dispatch (C:\Users\KUMAR~1.RAB\AppData\Local\Temp\playwright-java-7865259666694261509\package\lib\server\dispatchers\dispatcher.js:397:46)
}
at com.microsoft.playwright.impl.WaitableResult.get(WaitableResult.java:52)
at com.microsoft.playwright.impl.ChannelOwner.runUntil(ChannelOwner.java:109)
at com.microsoft.playwright.impl.Connection.sendMessage(Connection.java:108)
at com.microsoft.playwright.impl.ChannelOwner.sendMessage(ChannelOwner.java:100)
at com.microsoft.playwright.impl.FrameImpl.isEnabledImpl(FrameImpl.java:544)
at com.microsoft.playwright.impl.FrameImpl.lambda$isEnabled$28(FrameImpl.java:535)
at com.microsoft.playwright.impl.LoggingSupport.withLogging(LoggingSupport.java:47)
at com.microsoft.playwright.impl.ChannelOwner.withLogging(ChannelOwner.java:85)
at com.microsoft.playwright.impl.FrameImpl.isEnabled(FrameImpl.java:535)
at com.microsoft.playwright.impl.LocatorImpl.isEnabled(LocatorImpl.java:303)
at com.microsoft.playwright.Locator.isEnabled(Locator.java:2310)
at playwrightTest.PlayWright.JSONAuthLogin.useStoredJson(JSONAuthLogin.java:30)
at java.base/jdk.internal.reflect.NativeMethodAccessorImpl.invoke0(Native Method)
at java.base/jdk.internal.reflect.NativeMethodAccessorImpl.invoke(NativeMethodAccessorImpl.java:77)
at java.base/jdk.internal.reflect.DelegatingMethodAccessorImpl.invoke(DelegatingMethodAccessorImpl.java:43)
at java.base/java.lang.reflect.Method.invoke(Method.java:568)
at org.testng.internal.invokers.MethodInvocationHelper.invokeMethod(MethodInvocationHelper.java:139)
at org.testng.internal.invokers.TestInvoker.invokeMethod(TestInvoker.java:677)
at org.testng.internal.invokers.TestInvoker.invokeTestMethod(TestInvoker.java:221)
at org.testng.internal.invokers.MethodRunner.runInSequence(MethodRunner.java:50)
at org.testng.internal.invokers.TestInvoker$MethodInvocationAgent.invoke(TestInvoker.java:962)
at org.testng.internal.invokers.TestInvoker.invokeTestMethods(TestInvoker.java:194)
at org.testng.internal.invokers.TestMethodWorker.invokeTestMethods(TestMethodWorker.java:148)
at org.testng.internal.invokers.TestMethodWorker.run(TestMethodWorker.java:128)
at java.base/java.util.ArrayList.forEach(ArrayList.java:1511)
at org.testng.TestRunner.privateRun(TestRunner.java:806)
at org.testng.TestRunner.run(TestRunner.java:601)
at org.testng.SuiteRunner.runTest(SuiteRunner.java:433)
at org.testng.SuiteRunner.runSequentially(SuiteRunner.java:427)
at org.testng.SuiteRunner.privateRun(SuiteRunner.java:387)
at org.testng.SuiteRunner.run(SuiteRunner.java:330)
at org.testng.SuiteRunnerWorker.runSuite(SuiteRunnerWorker.java:52)
at org.testng.SuiteRunnerWorker.run(SuiteRunnerWorker.java:95)
at org.testng.TestNG.runSuitesSequentially(TestNG.java:1256)
at org.testng.TestNG.runSuitesLocally(TestNG.java:1176)
at org.testng.TestNG.runSuites(TestNG.java:1099)
at org.testng.TestNG.run(TestNG.java:1067)
at org.testng.remote.AbstractRemoteTestNG.run(AbstractRemoteTestNG.java:115)
at org.testng.remote.RemoteTestNG.initAndRun(RemoteTestNG.java:251)
at org.testng.remote.RemoteTestNG.main(RemoteTestNG.java:77)
Caused by: com.microsoft.playwright.TimeoutError: Error {
  message='Timeout 30000ms exceeded.
=========================== logs ===========================
waiting for selector "#CloseAdvisor"
============================================================
  name='TimeoutError
  stack='TimeoutError: Timeout 30000ms exceeded.
=========================== logs ===========================
waiting for selector "#CloseAdvisor"
============================================================
    at ProgressController.run (C:\Users\KUMAR~1.RAB\AppData\Local\Temp\playwright-java-7865259666694261509\package\lib\server\progress.js:96:26)
    at Frame._scheduleRerunnableTask (C:\Users\KUMAR~1.RAB\AppData\Local\Temp\playwright-java-7865259666694261509\package\lib\server\frames.js:1572:23)
    at Frame._elementState (C:\Users\KUMAR~1.RAB\AppData\Local\Temp\playwright-java-7865259666694261509\package\lib\server\frames.js:1309:31)
    at Frame.isEnabled (C:\Users\KUMAR~1.RAB\AppData\Local\Temp\playwright-java-7865259666694261509\package\lib\server\frames.js:1349:17)
    at FrameDispatcher.isEnabled (C:\Users\KUMAR~1.RAB\AppData\Local\Temp\playwright-java-7865259666694261509\package\lib\server\dispatchers\frameDispatcher.js:249:32)
    at DispatcherConnection.dispatch (C:\Users\KUMAR~1.RAB\AppData\Local\Temp\playwright-java-7865259666694261509\package\lib\server\dispatchers\dispatcher.js:397:46)
}
at com.microsoft.playwright.impl.Connection.dispatch(Connection.java:188)
at com.microsoft.playwright.impl.Connection.processOneMessage(Connection.java:170)
at com.microsoft.playwright.impl.ChannelOwner.runUntil(ChannelOwner.java:107)
... 38 more
]]>
    </error>
  </testcase> <!-- useStoredJson -->
  <system-out/>
</testsuite> <!-- playwrightTest.PlayWright.JSONAuthLogin -->
