<?xml version="1.0" encoding="UTF-8"?>
<!-- Generated by org.testng.reporters.JUnitReportReporter -->
<testsuite hostname="LAPTOP-HSQD46T4" failures="0" tests="1" name="playwrightTest.PlayWright.multiThreadingPlaywright" time="0.011" errors="0" timestamp="2022-06-26T20:09:47 IST" skipped="0">
  <testcase classname="playwrightTest.PlayWright.multiThreadingPlaywright" name="multiThreadingTest" time="0.011"/>
  <system-out/>
</testsuite> <!-- playwrightTest.PlayWright.multiThreadingPlaywright -->
