<?xml version="1.0" encoding="UTF-8"?>
<!-- Generated by org.testng.reporters.JUnitReportReporter -->
<testsuite hostname="LAP-0051" failures="0" tests="2" name="automationLabsTest.playwright.addUsersTest" time="35.936" errors="1" timestamp="2022-09-18T20:55:09 IST" skipped="1">
  <testcase classname="automationLabsTest.playwright.addUsersTest" name="homePageTest" time="0.000">
    <skipped/>
  </testcase> <!-- homePageTest -->
  <system-out/>
  <testcase classname="automationLabsTest.playwright.addUsersTest" name="setup" time="35.936">
    <error message="Error {
  message=&#039;net::ERR_ABORTED; maybe frame was detached?
=========================== logs ===========================
navigating to &quot;http://regression.myresman.com/&quot;, waiting until &quot;load&quot;
============================================================
  name=&#039;Error
  stack=&#039;Error: net::ERR_ABORTED; maybe frame was detached?
=========================== logs ===========================
navigating to &quot;http://regression.myresman.com/&quot;, waiting until &quot;load&quot;
============================================================
    at FrameManager.frameAbortedNavigation (C:\Users\KUMAR~1.RAB\AppData\Local\Temp\playwright-java-3819887029201446859\package\lib\server\frames.js:273:14)
    at FrameManager.requestFailed (C:\Users\KUMAR~1.RAB\AppData\Local\Temp\playwright-java-3819887029201446859\package\lib\server\frames.js:369:12)
    at CRNetworkManager._onLoadingFailed (C:\Users\KUMAR~1.RAB\AppData\Local\Temp\playwright-java-3819887029201446859\package\lib\server\chromium\crNetworkManager.js:527:134)
    at CRSession.emit (node:events:527:28)
    at C:\Users\KUMAR~1.RAB\AppData\Local\Temp\playwright-java-3819887029201446859\package\lib\server\chromium\crConnection.js:232:14
}" type="com.microsoft.playwright.PlaywrightException">
      <![CDATA[com.microsoft.playwright.PlaywrightException: Error {
  message='net::ERR_ABORTED; maybe frame was detached?
=========================== logs ===========================
navigating to "http://regression.myresman.com/", waiting until "load"
============================================================
  name='Error
  stack='Error: net::ERR_ABORTED; maybe frame was detached?
=========================== logs ===========================
navigating to "http://regression.myresman.com/", waiting until "load"
============================================================
    at FrameManager.frameAbortedNavigation (C:\Users\KUMAR~1.RAB\AppData\Local\Temp\playwright-java-3819887029201446859\package\lib\server\frames.js:273:14)
    at FrameManager.requestFailed (C:\Users\KUMAR~1.RAB\AppData\Local\Temp\playwright-java-3819887029201446859\package\lib\server\frames.js:369:12)
    at CRNetworkManager._onLoadingFailed (C:\Users\KUMAR~1.RAB\AppData\Local\Temp\playwright-java-3819887029201446859\package\lib\server\chromium\crNetworkManager.js:527:134)
    at CRSession.emit (node:events:527:28)
    at C:\Users\KUMAR~1.RAB\AppData\Local\Temp\playwright-java-3819887029201446859\package\lib\server\chromium\crConnection.js:232:14
}
at com.microsoft.playwright.impl.WaitableResult.get(WaitableResult.java:54)
at com.microsoft.playwright.impl.ChannelOwner.runUntil(ChannelOwner.java:109)
at com.microsoft.playwright.impl.Connection.sendMessage(Connection.java:108)
at com.microsoft.playwright.impl.ChannelOwner.sendMessage(ChannelOwner.java:100)
at com.microsoft.playwright.impl.FrameImpl.navigateImpl(FrameImpl.java:401)
at com.microsoft.playwright.impl.PageImpl.lambda$navigate$32(PageImpl.java:800)
at com.microsoft.playwright.impl.LoggingSupport.withLogging(LoggingSupport.java:47)
at com.microsoft.playwright.impl.ChannelOwner.withLogging(ChannelOwner.java:85)
at com.microsoft.playwright.impl.PageImpl.navigate(PageImpl.java:800)
at com.microsoft.playwright.impl.PageImpl.navigate(PageImpl.java:41)
at com.microsoft.playwright.Page.navigate(Page.java:4309)
at automationLabsMain.playwright.baseClass.initBrowser(baseClass.java:84)
at automationLabsTest.playwright.addUsersTest.setup(addUsersTest.java:23)
at java.base/jdk.internal.reflect.NativeMethodAccessorImpl.invoke0(Native Method)
at java.base/jdk.internal.reflect.NativeMethodAccessorImpl.invoke(NativeMethodAccessorImpl.java:77)
at java.base/jdk.internal.reflect.DelegatingMethodAccessorImpl.invoke(DelegatingMethodAccessorImpl.java:43)
at java.base/java.lang.reflect.Method.invoke(Method.java:568)
at org.testng.internal.invokers.MethodInvocationHelper.invokeMethod(MethodInvocationHelper.java:139)
at org.testng.internal.invokers.MethodInvocationHelper.invokeMethodConsideringTimeout(MethodInvocationHelper.java:69)
at org.testng.internal.invokers.ConfigInvoker.invokeConfigurationMethod(ConfigInvoker.java:361)
at org.testng.internal.invokers.ConfigInvoker.invokeConfigurations(ConfigInvoker.java:296)
at org.testng.TestRunner.invokeTestConfigurations(TestRunner.java:643)
at org.testng.TestRunner.beforeRun(TestRunner.java:632)
at org.testng.TestRunner.run(TestRunner.java:594)
at org.testng.SuiteRunner.runTest(SuiteRunner.java:433)
at org.testng.SuiteRunner.runSequentially(SuiteRunner.java:427)
at org.testng.SuiteRunner.privateRun(SuiteRunner.java:387)
at org.testng.SuiteRunner.run(SuiteRunner.java:330)
at org.testng.SuiteRunnerWorker.runSuite(SuiteRunnerWorker.java:52)
at org.testng.SuiteRunnerWorker.run(SuiteRunnerWorker.java:95)
at org.testng.TestNG.runSuitesSequentially(TestNG.java:1256)
at org.testng.TestNG.runSuitesLocally(TestNG.java:1176)
at org.testng.TestNG.runSuites(TestNG.java:1099)
at org.testng.TestNG.run(TestNG.java:1067)
at org.testng.remote.AbstractRemoteTestNG.run(AbstractRemoteTestNG.java:115)
at org.testng.remote.RemoteTestNG.initAndRun(RemoteTestNG.java:251)
at org.testng.remote.RemoteTestNG.main(RemoteTestNG.java:77)
Caused by: com.microsoft.playwright.impl.DriverException: Error {
  message='net::ERR_ABORTED; maybe frame was detached?
=========================== logs ===========================
navigating to "http://regression.myresman.com/", waiting until "load"
============================================================
  name='Error
  stack='Error: net::ERR_ABORTED; maybe frame was detached?
=========================== logs ===========================
navigating to "http://regression.myresman.com/", waiting until "load"
============================================================
    at FrameManager.frameAbortedNavigation (C:\Users\KUMAR~1.RAB\AppData\Local\Temp\playwright-java-3819887029201446859\package\lib\server\frames.js:273:14)
    at FrameManager.requestFailed (C:\Users\KUMAR~1.RAB\AppData\Local\Temp\playwright-java-3819887029201446859\package\lib\server\frames.js:369:12)
    at CRNetworkManager._onLoadingFailed (C:\Users\KUMAR~1.RAB\AppData\Local\Temp\playwright-java-3819887029201446859\package\lib\server\chromium\crNetworkManager.js:527:134)
    at CRSession.emit (node:events:527:28)
    at C:\Users\KUMAR~1.RAB\AppData\Local\Temp\playwright-java-3819887029201446859\package\lib\server\chromium\crConnection.js:232:14
}
at com.microsoft.playwright.impl.Connection.dispatch(Connection.java:190)
at com.microsoft.playwright.impl.Connection.processOneMessage(Connection.java:170)
at com.microsoft.playwright.impl.ChannelOwner.runUntil(ChannelOwner.java:107)
... 35 more
]]>
    </error>
  </testcase> <!-- setup -->
  <system-out/>
</testsuite> <!-- automationLabsTest.playwright.addUsersTest -->
