<?xml version="1.0" encoding="UTF-8"?>
<!-- Generated by org.testng.reporters.JUnitReportReporter -->
<testsuite hostname="LAPTOP-HSQD46T4" failures="0" tests="1" name="playwrightTest.PlayWright.iFrameHandles" time="42.129" errors="0" timestamp="2022-05-29T02:39:24 IST" skipped="0">
  <testcase classname="playwrightTest.PlayWright.iFrameHandles" name="iframeHandles" time="42.129"/>
  <system-out/>
</testsuite> <!-- playwrightTest.PlayWright.iFrameHandles -->
