<?xml version="1.0" encoding="UTF-8"?>
<!-- Generated by org.testng.reporters.JUnitReportReporter -->
<testsuite hostname="LAPTOP-HSQD46T4" failures="0" tests="1" name="playwrightTest.PlayWright.rough" time="8.761" errors="0" timestamp="2022-05-24T01:34:57 IST" skipped="0">
  <testcase classname="playwrightTest.PlayWright.rough" name="testRough" time="8.761"/>
  <system-out/>
</testsuite> <!-- playwrightTest.PlayWright.rough -->
