<?xml version="1.0" encoding="UTF-8"?>
<!-- Generated by org.testng.reporters.JUnitReportReporter -->
<testsuite hostname="LAPTOP-HSQD46T4" failures="0" tests="1" name="playwrightTest.PlayWright.assertionsPW" time="29.257" errors="0" timestamp="2022-06-13T08:11:40 IST" skipped="0">
  <testcase classname="playwrightTest.PlayWright.assertionsPW" name="assertionsPWTest" time="29.257"/>
  <system-out/>
</testsuite> <!-- playwrightTest.PlayWright.assertionsPW -->
