<?xml version="1.0" encoding="UTF-8"?>
<!-- Generated by org.testng.reporters.JUnitReportReporter -->
<testsuite hostname="LAPTOP-HSQD46T4" failures="0" tests="1" name="playwrightTest.PlayWright.screenShots" time="31.367" errors="0" timestamp="2022-06-12T07:51:18 IST" skipped="0">
  <testcase classname="playwrightTest.PlayWright.screenShots" name="handleScreenShots" time="31.367"/>
  <system-out/>
</testsuite> <!-- playwrightTest.PlayWright.screenShots -->
