<?xml version="1.0" encoding="UTF-8"?>
<!-- Generated by org.testng.reporters.JUnitReportReporter -->
<testsuite hostname="LAPTOP-HSQD46T4" failures="0" tests="1" name="playwrightTest.PlayWright.shadowDOM" time="17.904" errors="0" timestamp="2022-05-29T23:15:57 IST" skipped="0">
  <testcase classname="playwrightTest.PlayWright.shadowDOM" name="shadowDomTest" time="17.904"/>
  <system-out/>
</testsuite> <!-- playwrightTest.PlayWright.shadowDOM -->
