<?xml version="1.0" encoding="UTF-8"?>
<!-- Generated by org.testng.reporters.JUnitReportReporter -->
<testsuite hostname="LAPTOP-HSQD46T4" failures="0" tests="1" name="playwrightTest.PlayWright.handleFrames" time="11.548" errors="0" timestamp="2022-05-28T19:58:14 IST" skipped="0">
  <testcase classname="playwrightTest.PlayWright.handleFrames" name="testHandleFrames" time="11.548"/>
  <system-out/>
</testsuite> <!-- playwrightTest.PlayWright.handleFrames -->
