<?xml version="1.0" encoding="UTF-8"?>
<!-- Generated by org.testng.reporters.JUnitReportReporter -->
<testsuite hostname="LAPTOP-HSQD46T4" failures="0" tests="1" name="playwrightTest.PlayWright.maximizeWindow" time="45.965" errors="0" timestamp="2022-05-31T00:14:21 IST" skipped="0">
  <testcase classname="playwrightTest.PlayWright.maximizeWindow" name="maximizeWindowSize" time="45.965"/>
  <system-out/>
</testsuite> <!-- playwrightTest.PlayWright.maximizeWindow -->
