<?xml version="1.0" encoding="UTF-8"?>
<!-- Generated by org.testng.reporters.JUnitReportReporter -->
<testsuite hostname="LAPTOP-HSQD46T4" failures="0" tests="1" name="playwrightTest.PlayWright.alertPopUp" time="18.654" errors="0" timestamp="2022-06-06T09:31:12 IST" skipped="0">
  <testcase classname="playwrightTest.PlayWright.alertPopUp" name="alertPopupTest" time="18.654"/>
  <system-out/>
</testsuite> <!-- playwrightTest.PlayWright.alertPopUp -->
