<?xml version="1.0" encoding="UTF-8"?>
<!-- Generated by org.testng.reporters.JUnitReportReporter -->
<testsuite hostname="LAPTOP-HSQD46T4" failures="0" tests="1" name="playwrightTest.PlayWright.StoredJSONLOGIN" time="19.178" errors="0" timestamp="2022-06-10T23:21:15 IST" skipped="0">
  <testcase classname="playwrightTest.PlayWright.StoredJSONLOGIN" name="storeJsonFile" time="19.178"/>
  <system-out/>
</testsuite> <!-- playwrightTest.PlayWright.StoredJSONLOGIN -->
