<?xml version="1.0" encoding="UTF-8"?>
<!-- Generated by org.testng.reporters.JUnitReportReporter -->
<testsuite hostname="LAPTOP-HSQD46T4" failures="0" tests="1" name="playwrightTest.PlayWright.pageRouteFromHAR" time="9.021" errors="0" timestamp="2022-07-08T01:05:06 IST" skipped="0">
  <testcase classname="playwrightTest.PlayWright.pageRouteFromHAR" name="pageRouteFromHarTest" time="9.021"/>
  <system-out/>
</testsuite> <!-- playwrightTest.PlayWright.pageRouteFromHAR -->
