<?xml version="1.0" encoding="UTF-8"?>
<!-- Generated by org.testng.reporters.JUnitReportReporter -->
<testsuite hostname="LAPTOP-HSQD46T4" failures="0" tests="1" name="playwrightTest.PlayWright.loactors" time="57.927" errors="1" timestamp="2022-05-28T23:57:48 IST" skipped="0">
  <testcase classname="playwrightTest.PlayWright.loactors" name="Invoices" time="57.927">
    <error message="Error {
  message=&#039;Timeout 50000ms exceeded.
=========================== logs ===========================
waiting for selector &quot;button[type=&#039;submit&#039;]&quot;
  selector resolved to visible &lt;button tabindex=&quot;3&quot; type=&quot;submit&quot;&gt;↵                        Sign in↵                …&lt;/button&gt;
attempting click action
  waiting for element to be visible, enabled and stable
  element is visible, enabled and stable
  scrolling into view if needed
  done scrolling
  performing click action
  click action done
  waiting for scheduled navigations to finish
  navigated to &quot;https://auth-dev.myresman.com/connect/authorize/callback?client_id=resman&amp;redirect_uri=https%3A%2F%2Fqa.myresman.com%2Fsignin-oidc&amp;response_mode=form_post&amp;response_type=id_token&amp;scope=openid%20profile&amp;state=OpenIdConnect.AuthenticationProperties%3DOnYQM5bVLCe34ykaj4XKkLs0BAceuB_oL2FfbH1tuedky1lNcq5dth0duwtWS7hkDS9VcwMbrtfqEYu-3VE8fEGEs60GNZ0_lfZGoYfCLRP5fe79kFcb6eebFfXdS7yurPMCkDcP0q68pcEhtj4hWIyqO9GmeccKXr97rleQ7rVNlqW701ne5_vg_i4OV0aFu5wCJttKCGiTC4K_vLTIRw2lTyAp-sHt-NF55kKHfY1ntZt8oVdz2yW1XGJ0oFymyxRExg&amp;nonce=637893592152537095.N2MzOThiMWItMDMxMy00ZjU4LWEyMTktNzU1OWY0YTE0OGZmOTZjNGY0OWEtMzRjNS00MmQ0LTk3NzAtNDFmMWE5N2VkZTNh&amp;acr_values=tenant%3A503%20previewAdId%3A%20&amp;x-client-SKU=ID_NET461&amp;x-client-ver=5.3.0.0&quot;
============================================================
  name=&#039;TimeoutError
  stack=&#039;TimeoutError: Timeout 50000ms exceeded.
=========================== logs ===========================
waiting for selector &quot;button[type=&#039;submit&#039;]&quot;
  selector resolved to visible &lt;button tabindex=&quot;3&quot; type=&quot;submit&quot;&gt;↵                        Sign in↵                …&lt;/button&gt;
attempting click action
  waiting for element to be visible, enabled and stable
  element is visible, enabled and stable
  scrolling into view if needed
  done scrolling
  performing click action
  click action done
  waiting for scheduled navigations to finish
  navigated to &quot;https://auth-dev.myresman.com/connect/authorize/callback?client_id=resman&amp;redirect_uri=https%3A%2F%2Fqa.myresman.com%2Fsignin-oidc&amp;response_mode=form_post&amp;response_type=id_token&amp;scope=openid%20profile&amp;state=OpenIdConnect.AuthenticationProperties%3DOnYQM5bVLCe34ykaj4XKkLs0BAceuB_oL2FfbH1tuedky1lNcq5dth0duwtWS7hkDS9VcwMbrtfqEYu-3VE8fEGEs60GNZ0_lfZGoYfCLRP5fe79kFcb6eebFfXdS7yurPMCkDcP0q68pcEhtj4hWIyqO9GmeccKXr97rleQ7rVNlqW701ne5_vg_i4OV0aFu5wCJttKCGiTC4K_vLTIRw2lTyAp-sHt-NF55kKHfY1ntZt8oVdz2yW1XGJ0oFymyxRExg&amp;nonce=637893592152537095.N2MzOThiMWItMDMxMy00ZjU4LWEyMTktNzU1OWY0YTE0OGZmOTZjNGY0OWEtMzRjNS00MmQ0LTk3NzAtNDFmMWE5N2VkZTNh&amp;acr_values=tenant%3A503%20previewAdId%3A%20&amp;x-client-SKU=ID_NET461&amp;x-client-ver=5.3.0.0&quot;
============================================================
    at ProgressController.run (C:\Users\rbran\AppData\Local\Temp\playwright-java-14507059998478595385\package\lib\server\progress.js:96:26)
    at Frame.click (C:\Users\rbran\AppData\Local\Temp\playwright-java-14507059998478595385\package\lib\server\frames.js:1111:23)
    at FrameDispatcher.click (C:\Users\rbran\AppData\Local\Temp\playwright-java-14507059998478595385\package\lib\server\dispatchers\frameDispatcher.js:172:30)
    at DispatcherConnection.dispatch (C:\Users\rbran\AppData\Local\Temp\playwright-java-14507059998478595385\package\lib\server\dispatchers\dispatcher.js:352:46)
}" type="com.microsoft.playwright.TimeoutError">
      <![CDATA[com.microsoft.playwright.TimeoutError: Error {
  message='Timeout 50000ms exceeded.
=========================== logs ===========================
waiting for selector "button[type='submit']"
  selector resolved to visible <button tabindex="3" type="submit">↵                        Sign in↵                …</button>
attempting click action
  waiting for element to be visible, enabled and stable
  element is visible, enabled and stable
  scrolling into view if needed
  done scrolling
  performing click action
  click action done
  waiting for scheduled navigations to finish
  navigated to "https://auth-dev.myresman.com/connect/authorize/callback?client_id=resman&redirect_uri=https%3A%2F%2Fqa.myresman.com%2Fsignin-oidc&response_mode=form_post&response_type=id_token&scope=openid%20profile&state=OpenIdConnect.AuthenticationProperties%3DOnYQM5bVLCe34ykaj4XKkLs0BAceuB_oL2FfbH1tuedky1lNcq5dth0duwtWS7hkDS9VcwMbrtfqEYu-3VE8fEGEs60GNZ0_lfZGoYfCLRP5fe79kFcb6eebFfXdS7yurPMCkDcP0q68pcEhtj4hWIyqO9GmeccKXr97rleQ7rVNlqW701ne5_vg_i4OV0aFu5wCJttKCGiTC4K_vLTIRw2lTyAp-sHt-NF55kKHfY1ntZt8oVdz2yW1XGJ0oFymyxRExg&nonce=637893592152537095.N2MzOThiMWItMDMxMy00ZjU4LWEyMTktNzU1OWY0YTE0OGZmOTZjNGY0OWEtMzRjNS00MmQ0LTk3NzAtNDFmMWE5N2VkZTNh&acr_values=tenant%3A503%20previewAdId%3A%20&x-client-SKU=ID_NET461&x-client-ver=5.3.0.0"
============================================================
  name='TimeoutError
  stack='TimeoutError: Timeout 50000ms exceeded.
=========================== logs ===========================
waiting for selector "button[type='submit']"
  selector resolved to visible <button tabindex="3" type="submit">↵                        Sign in↵                …</button>
attempting click action
  waiting for element to be visible, enabled and stable
  element is visible, enabled and stable
  scrolling into view if needed
  done scrolling
  performing click action
  click action done
  waiting for scheduled navigations to finish
  navigated to "https://auth-dev.myresman.com/connect/authorize/callback?client_id=resman&redirect_uri=https%3A%2F%2Fqa.myresman.com%2Fsignin-oidc&response_mode=form_post&response_type=id_token&scope=openid%20profile&state=OpenIdConnect.AuthenticationProperties%3DOnYQM5bVLCe34ykaj4XKkLs0BAceuB_oL2FfbH1tuedky1lNcq5dth0duwtWS7hkDS9VcwMbrtfqEYu-3VE8fEGEs60GNZ0_lfZGoYfCLRP5fe79kFcb6eebFfXdS7yurPMCkDcP0q68pcEhtj4hWIyqO9GmeccKXr97rleQ7rVNlqW701ne5_vg_i4OV0aFu5wCJttKCGiTC4K_vLTIRw2lTyAp-sHt-NF55kKHfY1ntZt8oVdz2yW1XGJ0oFymyxRExg&nonce=637893592152537095.N2MzOThiMWItMDMxMy00ZjU4LWEyMTktNzU1OWY0YTE0OGZmOTZjNGY0OWEtMzRjNS00MmQ0LTk3NzAtNDFmMWE5N2VkZTNh&acr_values=tenant%3A503%20previewAdId%3A%20&x-client-SKU=ID_NET461&x-client-ver=5.3.0.0"
============================================================
    at ProgressController.run (C:\Users\rbran\AppData\Local\Temp\playwright-java-14507059998478595385\package\lib\server\progress.js:96:26)
    at Frame.click (C:\Users\rbran\AppData\Local\Temp\playwright-java-14507059998478595385\package\lib\server\frames.js:1111:23)
    at FrameDispatcher.click (C:\Users\rbran\AppData\Local\Temp\playwright-java-14507059998478595385\package\lib\server\dispatchers\frameDispatcher.js:172:30)
    at DispatcherConnection.dispatch (C:\Users\rbran\AppData\Local\Temp\playwright-java-14507059998478595385\package\lib\server\dispatchers\dispatcher.js:352:46)
}
at com.microsoft.playwright.impl.WaitableResult.get(WaitableResult.java:52)
at com.microsoft.playwright.impl.ChannelOwner.runUntil(ChannelOwner.java:103)
at com.microsoft.playwright.impl.Connection.sendMessage(Connection.java:105)
at com.microsoft.playwright.impl.ChannelOwner.sendMessage(ChannelOwner.java:94)
at com.microsoft.playwright.impl.FrameImpl.clickImpl(FrameImpl.java:256)
at com.microsoft.playwright.impl.PageImpl.lambda$click$17(PageImpl.java:629)
at com.microsoft.playwright.impl.LoggingSupport.lambda$withLogging$0(LoggingSupport.java:36)
at com.microsoft.playwright.impl.LoggingSupport.withLogging(LoggingSupport.java:47)
at com.microsoft.playwright.impl.ChannelOwner.withLogging(ChannelOwner.java:79)
at com.microsoft.playwright.impl.LoggingSupport.withLogging(LoggingSupport.java:35)
at com.microsoft.playwright.impl.PageImpl.click(PageImpl.java:628)
at playwrightTest.PlayWright.loactors.Invoices(loactors.java:40)
at java.base/jdk.internal.reflect.NativeMethodAccessorImpl.invoke0(Native Method)
at java.base/jdk.internal.reflect.NativeMethodAccessorImpl.invoke(NativeMethodAccessorImpl.java:77)
at java.base/jdk.internal.reflect.DelegatingMethodAccessorImpl.invoke(DelegatingMethodAccessorImpl.java:43)
at java.base/java.lang.reflect.Method.invoke(Method.java:568)
at org.testng.internal.invokers.MethodInvocationHelper.invokeMethod(MethodInvocationHelper.java:139)
at org.testng.internal.invokers.TestInvoker.invokeMethod(TestInvoker.java:677)
at org.testng.internal.invokers.TestInvoker.invokeTestMethod(TestInvoker.java:221)
at org.testng.internal.invokers.MethodRunner.runInSequence(MethodRunner.java:50)
at org.testng.internal.invokers.TestInvoker$MethodInvocationAgent.invoke(TestInvoker.java:962)
at org.testng.internal.invokers.TestInvoker.invokeTestMethods(TestInvoker.java:194)
at org.testng.internal.invokers.TestMethodWorker.invokeTestMethods(TestMethodWorker.java:148)
at org.testng.internal.invokers.TestMethodWorker.run(TestMethodWorker.java:128)
at java.base/java.util.ArrayList.forEach(ArrayList.java:1511)
at org.testng.TestRunner.privateRun(TestRunner.java:806)
at org.testng.TestRunner.run(TestRunner.java:601)
at org.testng.SuiteRunner.runTest(SuiteRunner.java:433)
at org.testng.SuiteRunner.runSequentially(SuiteRunner.java:427)
at org.testng.SuiteRunner.privateRun(SuiteRunner.java:387)
at org.testng.SuiteRunner.run(SuiteRunner.java:330)
at org.testng.SuiteRunnerWorker.runSuite(SuiteRunnerWorker.java:52)
at org.testng.SuiteRunnerWorker.run(SuiteRunnerWorker.java:95)
at org.testng.TestNG.runSuitesSequentially(TestNG.java:1256)
at org.testng.TestNG.runSuitesLocally(TestNG.java:1176)
at org.testng.TestNG.runSuites(TestNG.java:1099)
at org.testng.TestNG.run(TestNG.java:1067)
at org.testng.remote.AbstractRemoteTestNG.run(AbstractRemoteTestNG.java:115)
at org.testng.remote.RemoteTestNG.initAndRun(RemoteTestNG.java:251)
at org.testng.remote.RemoteTestNG.main(RemoteTestNG.java:77)
Caused by: com.microsoft.playwright.TimeoutError: Error {
  message='Timeout 50000ms exceeded.
=========================== logs ===========================
waiting for selector "button[type='submit']"
  selector resolved to visible <button tabindex="3" type="submit">↵                        Sign in↵                …</button>
attempting click action
  waiting for element to be visible, enabled and stable
  element is visible, enabled and stable
  scrolling into view if needed
  done scrolling
  performing click action
  click action done
  waiting for scheduled navigations to finish
  navigated to "https://auth-dev.myresman.com/connect/authorize/callback?client_id=resman&redirect_uri=https%3A%2F%2Fqa.myresman.com%2Fsignin-oidc&response_mode=form_post&response_type=id_token&scope=openid%20profile&state=OpenIdConnect.AuthenticationProperties%3DOnYQM5bVLCe34ykaj4XKkLs0BAceuB_oL2FfbH1tuedky1lNcq5dth0duwtWS7hkDS9VcwMbrtfqEYu-3VE8fEGEs60GNZ0_lfZGoYfCLRP5fe79kFcb6eebFfXdS7yurPMCkDcP0q68pcEhtj4hWIyqO9GmeccKXr97rleQ7rVNlqW701ne5_vg_i4OV0aFu5wCJttKCGiTC4K_vLTIRw2lTyAp-sHt-NF55kKHfY1ntZt8oVdz2yW1XGJ0oFymyxRExg&nonce=637893592152537095.N2MzOThiMWItMDMxMy00ZjU4LWEyMTktNzU1OWY0YTE0OGZmOTZjNGY0OWEtMzRjNS00MmQ0LTk3NzAtNDFmMWE5N2VkZTNh&acr_values=tenant%3A503%20previewAdId%3A%20&x-client-SKU=ID_NET461&x-client-ver=5.3.0.0"
============================================================
  name='TimeoutError
  stack='TimeoutError: Timeout 50000ms exceeded.
=========================== logs ===========================
waiting for selector "button[type='submit']"
  selector resolved to visible <button tabindex="3" type="submit">↵                        Sign in↵                …</button>
attempting click action
  waiting for element to be visible, enabled and stable
  element is visible, enabled and stable
  scrolling into view if needed
  done scrolling
  performing click action
  click action done
  waiting for scheduled navigations to finish
  navigated to "https://auth-dev.myresman.com/connect/authorize/callback?client_id=resman&redirect_uri=https%3A%2F%2Fqa.myresman.com%2Fsignin-oidc&response_mode=form_post&response_type=id_token&scope=openid%20profile&state=OpenIdConnect.AuthenticationProperties%3DOnYQM5bVLCe34ykaj4XKkLs0BAceuB_oL2FfbH1tuedky1lNcq5dth0duwtWS7hkDS9VcwMbrtfqEYu-3VE8fEGEs60GNZ0_lfZGoYfCLRP5fe79kFcb6eebFfXdS7yurPMCkDcP0q68pcEhtj4hWIyqO9GmeccKXr97rleQ7rVNlqW701ne5_vg_i4OV0aFu5wCJttKCGiTC4K_vLTIRw2lTyAp-sHt-NF55kKHfY1ntZt8oVdz2yW1XGJ0oFymyxRExg&nonce=637893592152537095.N2MzOThiMWItMDMxMy00ZjU4LWEyMTktNzU1OWY0YTE0OGZmOTZjNGY0OWEtMzRjNS00MmQ0LTk3NzAtNDFmMWE5N2VkZTNh&acr_values=tenant%3A503%20previewAdId%3A%20&x-client-SKU=ID_NET461&x-client-ver=5.3.0.0"
============================================================
    at ProgressController.run (C:\Users\rbran\AppData\Local\Temp\playwright-java-14507059998478595385\package\lib\server\progress.js:96:26)
    at Frame.click (C:\Users\rbran\AppData\Local\Temp\playwright-java-14507059998478595385\package\lib\server\frames.js:1111:23)
    at FrameDispatcher.click (C:\Users\rbran\AppData\Local\Temp\playwright-java-14507059998478595385\package\lib\server\dispatchers\frameDispatcher.js:172:30)
    at DispatcherConnection.dispatch (C:\Users\rbran\AppData\Local\Temp\playwright-java-14507059998478595385\package\lib\server\dispatchers\dispatcher.js:352:46)
}
at com.microsoft.playwright.impl.Connection.dispatch(Connection.java:181)
at com.microsoft.playwright.impl.Connection.processOneMessage(Connection.java:163)
at com.microsoft.playwright.impl.ChannelOwner.runUntil(ChannelOwner.java:101)
... 38 more
]]>
    </error>
  </testcase> <!-- Invoices -->
  <system-out/>
</testsuite> <!-- playwrightTest.PlayWright.loactors -->
