<?xml version="1.0" encoding="UTF-8"?>
<!-- Generated by org.testng.reporters.JUnitReportReporter -->
<testsuite hostname="LAPTOP-HSQD46T4" failures="0" tests="1" name="playwrightTest.PlayWright.networkReplayHarFile" time="65.255" errors="0" timestamp="2022-07-07T23:38:16 IST" skipped="0">
  <testcase classname="playwrightTest.PlayWright.networkReplayHarFile" name="networkReplayHarFileTest" time="65.255"/>
  <system-out/>
</testsuite> <!-- playwrightTest.PlayWright.networkReplayHarFile -->
