<?xml version="1.0" encoding="UTF-8"?>
<!-- Generated by org.testng.reporters.JUnitReportReporter -->
<testsuite hostname="LAPTOP-HSQD46T4" failures="0" tests="1" name="playwrightTest.PlayWright.locatorsDemo" time="9.521" errors="0" timestamp="2022-05-25T22:51:23 IST" skipped="0">
  <testcase classname="playwrightTest.PlayWright.locatorsDemo" name="testRough" time="9.521"/>
  <system-out/>
</testsuite> <!-- playwrightTest.PlayWright.locatorsDemo -->
