<?xml version="1.0" encoding="UTF-8"?>
<!-- Generated by org.testng.reporters.JUnitReportReporter -->
<testsuite hostname="LAPTOP-HSQD46T4" failures="0" tests="1" name="randomConceptTest.Playwright.monkeyTestPlaywright" time="102.520" errors="0" timestamp="2022-07-10T18:44:19 IST" skipped="0">
  <testcase classname="randomConceptTest.Playwright.monkeyTestPlaywright" name="monkeyTestingPlaywright" time="102.520"/>
  <system-out/>
</testsuite> <!-- randomConceptTest.Playwright.monkeyTestPlaywright -->
