<?xml version="1.0" encoding="UTF-8"?>
<!-- Generated by org.testng.reporters.JUnitReportReporter -->
<testsuite hostname="LAP-0051" failures="0" tests="1" name="loginJSON.loginJsonStore" time="13.981" errors="0" timestamp="2022-09-18T21:45:59 IST" skipped="0">
  <testcase classname="loginJSON.loginJsonStore" name="loginJson" time="13.981"/>
  <system-out/>
</testsuite> <!-- loginJSON.loginJsonStore -->
