<?xml version="1.0" encoding="UTF-8"?>
<!-- Generated by org.testng.reporters.JUnitReportReporter -->
<testsuite hostname="LAPTOP-HSQD46T4" failures="0" tests="1" name="playwrightTest.PlayWright.networkResponses" time="75.568" errors="0" timestamp="2022-06-26T19:06:20 IST" skipped="0">
  <testcase classname="playwrightTest.PlayWright.networkResponses" name="networkResponsesTest" time="75.568"/>
  <system-out/>
</testsuite> <!-- playwrightTest.PlayWright.networkResponses -->
