<?xml version="1.0" encoding="UTF-8"?>
<!-- Generated by org.testng.reporters.JUnitReportReporter -->
<testsuite hostname="LAPTOP-HSQD46T4" failures="0" tests="1" name="playwrightTest.PlayWright.handleFrameSet" time="11.074" errors="0" timestamp="2022-05-29T01:41:38 IST" skipped="0">
  <testcase classname="playwrightTest.PlayWright.handleFrameSet" name="testHandleFrames" time="11.074"/>
  <system-out/>
</testsuite> <!-- playwrightTest.PlayWright.handleFrameSet -->
