<?xml version="1.0" encoding="UTF-8"?>
<!-- Generated by org.testng.reporters.JUnitReportReporter -->
<testsuite hostname="LAPTOP-HSQD46T4" failures="0" tests="1" name="automationLabsTest.playwright.homeTestPage" time="14.064" errors="0" timestamp="2022-06-23T23:37:43 IST" skipped="0">
  <testcase classname="automationLabsTest.playwright.homeTestPage" name="homePageTest" time="14.064"/>
  <system-out/>
</testsuite> <!-- automationLabsTest.playwright.homeTestPage -->
