<?xml version="1.0" encoding="UTF-8"?>
<!-- Generated by org.testng.reporters.JUnitReportReporter -->
<testsuite hostname="LAPTOP-HSQD46T4" failures="0" tests="1" name="playwrightTest.PlayWright.reactSelectors" time="39.247" errors="1" timestamp="2022-06-11T00:56:23 IST" skipped="0">
  <testcase classname="playwrightTest.PlayWright.reactSelectors" name="reactSelectorsTest" time="39.247">
    <error message="Error {
  message=&#039;Timeout 30000ms exceeded.
=========================== logs ===========================
waiting for selector &quot;select#lang-switcher-select &gt;&gt; option[data-language=&#039;hi&#039;]&quot;
  selector resolved to hidden &lt;option lang=&quot;hi&quot; value=&quot;/in-hi/&quot; data-country=&quot;IN&quot; data…&gt;हिन्दी&lt;/option&gt;
attempting click action
  waiting for element to be visible, enabled and stable
    element is not visible - waiting...
============================================================
  name=&#039;TimeoutError
  stack=&#039;TimeoutError: Timeout 30000ms exceeded.
=========================== logs ===========================
waiting for selector &quot;select#lang-switcher-select &gt;&gt; option[data-language=&#039;hi&#039;]&quot;
  selector resolved to hidden &lt;option lang=&quot;hi&quot; value=&quot;/in-hi/&quot; data-country=&quot;IN&quot; data…&gt;हिन्दी&lt;/option&gt;
attempting click action
  waiting for element to be visible, enabled and stable
    element is not visible - waiting...
============================================================
    at ProgressController.run (C:\Users\rbran\AppData\Local\Temp\playwright-java-1247371813966816554\package\lib\server\progress.js:96:26)
    at Frame.click (C:\Users\rbran\AppData\Local\Temp\playwright-java-1247371813966816554\package\lib\server\frames.js:1111:23)
    at FrameDispatcher.click (C:\Users\rbran\AppData\Local\Temp\playwright-java-1247371813966816554\package\lib\server\dispatchers\frameDispatcher.js:172:30)
    at DispatcherConnection.dispatch (C:\Users\rbran\AppData\Local\Temp\playwright-java-1247371813966816554\package\lib\server\dispatchers\dispatcher.js:352:46)
}" type="com.microsoft.playwright.TimeoutError">
      <![CDATA[com.microsoft.playwright.TimeoutError: Error {
  message='Timeout 30000ms exceeded.
=========================== logs ===========================
waiting for selector "select#lang-switcher-select >> option[data-language='hi']"
  selector resolved to hidden <option lang="hi" value="/in-hi/" data-country="IN" data…>हिन्दी</option>
attempting click action
  waiting for element to be visible, enabled and stable
    element is not visible - waiting...
============================================================
  name='TimeoutError
  stack='TimeoutError: Timeout 30000ms exceeded.
=========================== logs ===========================
waiting for selector "select#lang-switcher-select >> option[data-language='hi']"
  selector resolved to hidden <option lang="hi" value="/in-hi/" data-country="IN" data…>हिन्दी</option>
attempting click action
  waiting for element to be visible, enabled and stable
    element is not visible - waiting...
============================================================
    at ProgressController.run (C:\Users\rbran\AppData\Local\Temp\playwright-java-1247371813966816554\package\lib\server\progress.js:96:26)
    at Frame.click (C:\Users\rbran\AppData\Local\Temp\playwright-java-1247371813966816554\package\lib\server\frames.js:1111:23)
    at FrameDispatcher.click (C:\Users\rbran\AppData\Local\Temp\playwright-java-1247371813966816554\package\lib\server\dispatchers\frameDispatcher.js:172:30)
    at DispatcherConnection.dispatch (C:\Users\rbran\AppData\Local\Temp\playwright-java-1247371813966816554\package\lib\server\dispatchers\dispatcher.js:352:46)
}
at com.microsoft.playwright.impl.WaitableResult.get(WaitableResult.java:52)
at com.microsoft.playwright.impl.ChannelOwner.runUntil(ChannelOwner.java:103)
at com.microsoft.playwright.impl.Connection.sendMessage(Connection.java:105)
at com.microsoft.playwright.impl.ChannelOwner.sendMessage(ChannelOwner.java:94)
at com.microsoft.playwright.impl.FrameImpl.clickImpl(FrameImpl.java:256)
at com.microsoft.playwright.impl.FrameImpl.lambda$click$9(FrameImpl.java:247)
at com.microsoft.playwright.impl.LoggingSupport.lambda$withLogging$0(LoggingSupport.java:36)
at com.microsoft.playwright.impl.LoggingSupport.withLogging(LoggingSupport.java:47)
at com.microsoft.playwright.impl.ChannelOwner.withLogging(ChannelOwner.java:79)
at com.microsoft.playwright.impl.LoggingSupport.withLogging(LoggingSupport.java:35)
at com.microsoft.playwright.impl.FrameImpl.click(FrameImpl.java:247)
at com.microsoft.playwright.impl.LocatorImpl.click(LocatorImpl.java:132)
at com.microsoft.playwright.Locator.click(Locator.java:1727)
at playwrightTest.PlayWright.reactSelectors.reactSelectorsTest(reactSelectors.java:29)
at java.base/jdk.internal.reflect.NativeMethodAccessorImpl.invoke0(Native Method)
at java.base/jdk.internal.reflect.NativeMethodAccessorImpl.invoke(NativeMethodAccessorImpl.java:77)
at java.base/jdk.internal.reflect.DelegatingMethodAccessorImpl.invoke(DelegatingMethodAccessorImpl.java:43)
at java.base/java.lang.reflect.Method.invoke(Method.java:568)
at org.testng.internal.invokers.MethodInvocationHelper.invokeMethod(MethodInvocationHelper.java:139)
at org.testng.internal.invokers.TestInvoker.invokeMethod(TestInvoker.java:677)
at org.testng.internal.invokers.TestInvoker.invokeTestMethod(TestInvoker.java:221)
at org.testng.internal.invokers.MethodRunner.runInSequence(MethodRunner.java:50)
at org.testng.internal.invokers.TestInvoker$MethodInvocationAgent.invoke(TestInvoker.java:962)
at org.testng.internal.invokers.TestInvoker.invokeTestMethods(TestInvoker.java:194)
at org.testng.internal.invokers.TestMethodWorker.invokeTestMethods(TestMethodWorker.java:148)
at org.testng.internal.invokers.TestMethodWorker.run(TestMethodWorker.java:128)
at java.base/java.util.ArrayList.forEach(ArrayList.java:1511)
at org.testng.TestRunner.privateRun(TestRunner.java:806)
at org.testng.TestRunner.run(TestRunner.java:601)
at org.testng.SuiteRunner.runTest(SuiteRunner.java:433)
at org.testng.SuiteRunner.runSequentially(SuiteRunner.java:427)
at org.testng.SuiteRunner.privateRun(SuiteRunner.java:387)
at org.testng.SuiteRunner.run(SuiteRunner.java:330)
at org.testng.SuiteRunnerWorker.runSuite(SuiteRunnerWorker.java:52)
at org.testng.SuiteRunnerWorker.run(SuiteRunnerWorker.java:95)
at org.testng.TestNG.runSuitesSequentially(TestNG.java:1256)
at org.testng.TestNG.runSuitesLocally(TestNG.java:1176)
at org.testng.TestNG.runSuites(TestNG.java:1099)
at org.testng.TestNG.run(TestNG.java:1067)
at org.testng.remote.AbstractRemoteTestNG.run(AbstractRemoteTestNG.java:115)
at org.testng.remote.RemoteTestNG.initAndRun(RemoteTestNG.java:251)
at org.testng.remote.RemoteTestNG.main(RemoteTestNG.java:77)
Caused by: com.microsoft.playwright.TimeoutError: Error {
  message='Timeout 30000ms exceeded.
=========================== logs ===========================
waiting for selector "select#lang-switcher-select >> option[data-language='hi']"
  selector resolved to hidden <option lang="hi" value="/in-hi/" data-country="IN" data…>हिन्दी</option>
attempting click action
  waiting for element to be visible, enabled and stable
    element is not visible - waiting...
============================================================
  name='TimeoutError
  stack='TimeoutError: Timeout 30000ms exceeded.
=========================== logs ===========================
waiting for selector "select#lang-switcher-select >> option[data-language='hi']"
  selector resolved to hidden <option lang="hi" value="/in-hi/" data-country="IN" data…>हिन्दी</option>
attempting click action
  waiting for element to be visible, enabled and stable
    element is not visible - waiting...
============================================================
    at ProgressController.run (C:\Users\rbran\AppData\Local\Temp\playwright-java-1247371813966816554\package\lib\server\progress.js:96:26)
    at Frame.click (C:\Users\rbran\AppData\Local\Temp\playwright-java-1247371813966816554\package\lib\server\frames.js:1111:23)
    at FrameDispatcher.click (C:\Users\rbran\AppData\Local\Temp\playwright-java-1247371813966816554\package\lib\server\dispatchers\frameDispatcher.js:172:30)
    at DispatcherConnection.dispatch (C:\Users\rbran\AppData\Local\Temp\playwright-java-1247371813966816554\package\lib\server\dispatchers\dispatcher.js:352:46)
}
at com.microsoft.playwright.impl.Connection.dispatch(Connection.java:181)
at com.microsoft.playwright.impl.Connection.processOneMessage(Connection.java:163)
at com.microsoft.playwright.impl.ChannelOwner.runUntil(ChannelOwner.java:101)
... 40 more
]]>
    </error>
  </testcase> <!-- reactSelectorsTest -->
  <system-out/>
</testsuite> <!-- playwrightTest.PlayWright.reactSelectors -->
