<?xml version="1.0" encoding="UTF-8"?>
<!-- Generated by org.testng.reporters.JUnitReportReporter -->
<testsuite hostname="LAPTOP-HSQD46T4" failures="0" tests="1" name="playwrightTest.PlayWright.maximizeWindow" time="53.482" errors="0" timestamp="2023-02-25T20:04:10 IST" skipped="0">
  <testcase classname="playwrightTest.PlayWright.maximizeWindow" name="maximizeWindowSize" time="53.482"/>
  <system-out/>
</testsuite> <!-- playwrightTest.PlayWright.maximizeWindow -->
