<?xml version="1.0" encoding="UTF-8"?>
<!-- Generated by org.testng.reporters.JUnitReportReporter -->
<testsuite hostname="LAPTOP-HSQD46T4" failures="0" tests="1" name="automationLabsTest.playwright.addUsersTest" time="32.632" errors="0" timestamp="2022-06-26T02:01:13 IST" skipped="0">
  <testcase classname="automationLabsTest.playwright.addUsersTest" name="homePageTest" time="32.632"/>
  <system-out/>
</testsuite> <!-- automationLabsTest.playwright.addUsersTest -->
