<?xml version="1.0" encoding="UTF-8"?>
<!-- Generated by org.testng.reporters.JUnitReportReporter -->
<testsuite hostname="LAPTOP-HSQD46T4" failures="0" tests="1" name="playwrightTest.PlayWright.shadowDOM" time="23.863" errors="0" timestamp="2023-02-25T20:04:59 IST" skipped="0">
  <testcase classname="playwrightTest.PlayWright.shadowDOM" name="shadowDomTest" time="23.863"/>
  <system-out/>
</testsuite> <!-- playwrightTest.PlayWright.shadowDOM -->
