<?xml version="1.0" encoding="UTF-8"?>
<!-- Generated by org.testng.reporters.JUnitReportReporter -->
<testsuite hostname="LAPTOP-HSQD46T4" failures="0" tests="1" name="playwrightTest.PlayWright.dynamicTables" time="23.328" errors="0" timestamp="2022-06-10T23:56:52 IST" skipped="0">
  <testcase classname="playwrightTest.PlayWright.dynamicTables" name="dynamicTableTest" time="23.328"/>
  <system-out/>
</testsuite> <!-- playwrightTest.PlayWright.dynamicTables -->
